[22-Mar-2013 14:27:16 America/Los_Angeles] PHP Parse error:  syntax error, unexpected 'return' (T_RETURN) in /var/www/html/auth/crowd/crowd_service.php on line 121
[22-Mar-2013 14:27:32 America/Los_Angeles] PHP Fatal error:  Class 'CrowdService' not found in /var/www/html/auth/crowd/crowd_service.php on line 5
[22-Mar-2013 14:27:33 America/Los_Angeles] PHP Fatal error:  Class 'CrowdService' not found in /var/www/html/auth/crowd/crowd_service.php on line 5
[22-Mar-2013 14:27:40 America/Los_Angeles] PHP Fatal error:  Class 'CrowdService' not found in /var/www/html/auth/crowd/crowd_service.php on line 5
[22-Mar-2013 14:31:12 America/Los_Angeles] PHP Notice:  Undefined property: stdClass::$first in /var/www/html/auth/crowd/crowd_service.php on line 120
[22-Mar-2013 14:31:12 America/Los_Angeles] PHP Notice:  Use of undefined constant name - assumed 'name' in /var/www/html/auth/crowd/crowd_service.php on line 120
[22-Mar-2013 14:31:12 America/Los_Angeles] PHP Notice:  Undefined property: stdClass::$last in /var/www/html/auth/crowd/crowd_service.php on line 120
[22-Mar-2013 14:31:12 America/Los_Angeles] PHP Notice:  Use of undefined constant name - assumed 'name' in /var/www/html/auth/crowd/crowd_service.php on line 120
[22-Mar-2013 14:31:13 America/Los_Angeles] PHP Notice:  Undefined property: stdClass::$first in /var/www/html/auth/crowd/crowd_service.php on line 120
[22-Mar-2013 14:31:13 America/Los_Angeles] PHP Notice:  Use of undefined constant name - assumed 'name' in /var/www/html/auth/crowd/crowd_service.php on line 120
[22-Mar-2013 14:31:13 America/Los_Angeles] PHP Notice:  Undefined property: stdClass::$last in /var/www/html/auth/crowd/crowd_service.php on line 120
[22-Mar-2013 14:31:13 America/Los_Angeles] PHP Notice:  Use of undefined constant name - assumed 'name' in /var/www/html/auth/crowd/crowd_service.php on line 120
[22-Mar-2013 14:31:38 America/Los_Angeles] PHP Fatal error:  Cannot use object of type stdClass as array in /var/www/html/auth/crowd/crowd_service.php on line 120
[22-Mar-2013 14:31:59 America/Los_Angeles] PHP Fatal error:  Cannot use object of type stdClass as array in /var/www/html/auth/crowd/crowd_service.php on line 120
[22-Mar-2013 14:33:12 America/Los_Angeles] PHP Parse error:  syntax error, unexpected 'return' (T_RETURN) in /var/www/html/auth/crowd/crowd_service.php on line 121
[22-Mar-2013 14:33:13 America/Los_Angeles] PHP Parse error:  syntax error, unexpected 'return' (T_RETURN) in /var/www/html/auth/crowd/crowd_service.php on line 121
[22-Mar-2013 14:33:19 America/Los_Angeles] PHP Notice:  Undefined variable: reult in /var/www/html/auth/crowd/crowd_service.php on line 120
[22-Mar-2013 14:33:19 America/Los_Angeles] PHP Fatal error:  Cannot use object of type stdClass as array in /var/www/html/auth/crowd/crowd_service.php on line 121
[22-Mar-2013 14:33:31 America/Los_Angeles] PHP Fatal error:  Cannot use object of type stdClass as array in /var/www/html/auth/crowd/crowd_service.php on line 121
[22-Mar-2013 14:35:02 America/Los_Angeles] PHP Fatal error:  Cannot use object of type stdClass as array in /var/www/html/auth/crowd/crowd_service.php on line 121
[22-Mar-2013 14:35:03 America/Los_Angeles] PHP Fatal error:  Cannot use object of type stdClass as array in /var/www/html/auth/crowd/crowd_service.php on line 121
[22-Mar-2013 14:35:19 America/Los_Angeles] PHP Fatal error:  Cannot use object of type stdClass as array in /var/www/html/auth/crowd/crowd_service.php on line 121
[22-Mar-2013 14:35:20 America/Los_Angeles] PHP Fatal error:  Cannot use object of type stdClass as array in /var/www/html/auth/crowd/crowd_service.php on line 121
[22-Mar-2013 14:35:22 America/Los_Angeles] PHP Fatal error:  Cannot use object of type stdClass as array in /var/www/html/auth/crowd/crowd_service.php on line 121
[22-Mar-2013 14:35:35 America/Los_Angeles] PHP Fatal error:  Cannot use object of type stdClass as array in /var/www/html/auth/crowd/crowd_service.php on line 121
[22-Mar-2013 14:35:37 America/Los_Angeles] PHP Fatal error:  Cannot use object of type stdClass as array in /var/www/html/auth/crowd/crowd_service.php on line 122
[22-Mar-2013 14:35:45 America/Los_Angeles] PHP Notice:  Undefined property: stdClass::$first in /var/www/html/auth/crowd/crowd_service.php on line 121
[22-Mar-2013 14:35:45 America/Los_Angeles] PHP Notice:  Use of undefined constant name - assumed 'name' in /var/www/html/auth/crowd/crowd_service.php on line 121
[22-Mar-2013 14:35:45 America/Los_Angeles] PHP Fatal error:  Cannot use object of type stdClass as array in /var/www/html/auth/crowd/crowd_service.php on line 122
[22-Mar-2013 14:36:10 America/Los_Angeles] PHP Fatal error:  Cannot use object of type stdClass as array in /var/www/html/auth/crowd/crowd_service.php on line 121
[22-Mar-2013 14:36:11 America/Los_Angeles] PHP Fatal error:  Cannot use object of type stdClass as array in /var/www/html/auth/crowd/crowd_service.php on line 121
[22-Mar-2013 14:36:51 America/Los_Angeles] PHP Fatal error:  Cannot use object of type stdClass as array in /var/www/html/auth/crowd/crowd_service.php on line 122
[22-Mar-2013 15:00:02 America/Los_Angeles] PHP Notice:  Undefined variable: user_token in /var/www/html/auth/crowd/crowd_service.php on line 132
[22-Mar-2013 15:00:02 America/Los_Angeles] PHP Warning:  Creating default object from empty value in /var/www/html/auth/crowd/crowd_service.php on line 219
